******************************************
Environment Monitoring System For Karachi 
******************************************
Longitude : 67.001100  Latitude : 24.860700 
-------------------------------------
Average weekly Temperature: 17.87 °C
Standard Deviation for Temperature: 2.07 °C
Temp can rise up to 27.10 °C on 2024-01-19 
Temp can drop to 12.10 °C on 2024-01-13 
Hottest Day of Week on Average: 2024-01-16 (20.66 °C)
Coldest Day of Week on Average: 2024-01-14 (14.79 °C)
******************************************
Environment Monitoring System For Karachi 
******************************************
Longitude : 67.001100  Latitude : 24.860700 
-------------------------------------
Average weekly Temperature: 17.87 °C
Standard Deviation for Temperature: 2.07 °C
Temp can rise up to 27.10 °C on 2024-01-19 
Temp can drop to 12.10 °C on 2024-01-13 
Hottest Day of Week on Average: 2024-01-16 (20.66 °C)
Coldest Day of Week on Average: 2024-01-14 (14.79 °C)
******************************************
Environment Monitoring System For Karachi 
******************************************
Longitude : 67.001100  Latitude : 24.860700 
-------------------------------------
Average weekly Temperature: 17.87 °C
Standard Deviation for Temperature: 2.07 °C
Temp can rise up to 27.10 °C on 2024-01-19 
Temp can drop to 12.10 °C on 2024-01-13 
Hottest Day of Week on Average: 2024-01-16 (20.66 °C)
Coldest Day of Week on Average: 2024-01-14 (14.79 °C)
******************************************
Environment Monitoring System For Karachi 
******************************************
Longitude : 67.001100  Latitude : 24.860700 
-------------------------------------
Average weekly Temperature: 17.87 °C
Standard Deviation for Temperature: 2.07 °C
Temp can rise up to 27.10 °C on 2024-01-19 
Temp can drop to 12.10 °C on 2024-01-13 
Hottest Day of Week on Average: 2024-01-16 (20.66 °C)
Coldest Day of Week on Average: 2024-01-14 (14.79 °C)
******************************************
Environment Monitoring System For Karachi 
******************************************
Longitude : 67.001100  Latitude : 24.860700 
-------------------------------------
Average weekly Temperature: 17.87 °C
Standard Deviation for Temperature: 2.07 °C
Temp can rise up to 27.10 °C on 2024-01-19 
Temp can drop to 12.10 °C on 2024-01-13 
Hottest Day of Week on Average: 2024-01-16 (20.66 °C)
Coldest Day of Week on Average: 2024-01-14 (14.79 °C)
******************************************
Environment Monitoring System For Karachi 
******************************************
Longitude : 67.001100  Latitude : 24.860700 
-------------------------------------
Average weekly Temperature: 17.87 °C
Standard Deviation for Temperature: 2.07 °C
Temp can rise up to 27.10 °C on 2024-01-19 
Temp can drop to 12.10 °C on 2024-01-13 
Hottest Day of Week on Average: 2024-01-16 (20.66 °C)
Coldest Day of Week on Average: 2024-01-14 (14.79 °C)
******************************************
Environment Monitoring System For Karachi 
******************************************
Longitude : 67.001100  Latitude : 24.860700 
-------------------------------------
Average weekly Temperature: 17.87 °C
Standard Deviation for Temperature: 2.07 °C
Temp can rise up to 27.10 °C on 2024-01-19 
Temp can drop to 12.10 °C on 2024-01-13 
Hottest Day of Week on Average: 2024-01-16 (20.66 °C)
Coldest Day of Week on Average: 2024-01-14 (14.79 °C)
******************************************
Environment Monitoring System For Karachi 
******************************************
Longitude : 67.001100  Latitude : 24.860700 
-------------------------------------
Average weekly Temperature: 17.87 °C
Standard Deviation for Temperature: 2.07 °C
Temp can rise up to 27.10 °C on 2024-01-19 
Temp can drop to 12.10 °C on 2024-01-13 
Hottest Day of Week on Average: 2024-01-16 (20.66 °C)
Coldest Day of Week on Average: 2024-01-14 (14.79 °C)
******************************************
Environment Monitoring System For Karachi 
******************************************
Longitude : 67.001100  Latitude : 24.860700 
-------------------------------------
Average weekly Temperature: 17.87 °C
Standard Deviation for Temperature: 2.07 °C
Temp can rise up to 27.10 °C on 2024-01-19 
Temp can drop to 12.10 °C on 2024-01-13 
Hottest Day of Week on Average: 2024-01-16 (20.66 °C)
Coldest Day of Week on Average: 2024-01-14 (14.79 °C)
******************************************
Environment Monitoring System For Karachi 
******************************************
Longitude : 67.001100  Latitude : 24.860700 
-------------------------------------
Average weekly Temperature: 17.87 °C
Standard Deviation for Temperature: 2.07 °C
Temp can rise up to 27.10 °C on 2024-01-19 
Temp can drop to 12.10 °C on 2024-01-13 
Hottest Day of Week on Average: 2024-01-16 (20.66 °C)
Coldest Day of Week on Average: 2024-01-14 (14.79 °C)
******************************************
Environment Monitoring System For Karachi 
******************************************
Longitude : 67.001100  Latitude : 24.860700 
-------------------------------------
Average weekly Temperature: 17.87 °C
Standard Deviation for Temperature: 2.07 °C
Temp can rise up to 27.10 °C on 2024-01-19 
Temp can drop to 12.10 °C on 2024-01-13 
Hottest Day of Week on Average: 2024-01-16 (20.66 °C)
Coldest Day of Week on Average: 2024-01-14 (14.79 °C)
******************************************
Environment Monitoring System For Karachi 
******************************************
Longitude : 67.001100  Latitude : 24.860700 
-------------------------------------
Average weekly Temperature: 17.87 °C
Standard Deviation for Temperature: 2.07 °C
Temp can rise up to 27.10 °C on 2024-01-19 
Temp can drop to 12.10 °C on 2024-01-13 
Hottest Day of Week on Average: 2024-01-16 (20.66 °C)
Coldest Day of Week on Average: 2024-01-14 (14.79 °C)
